[debug] [2025-08-24T15:46:46.008Z] ----------------------------------------------------------------------
[debug] [2025-08-24T15:46:46.011Z] Command:       C:\Program Files\nodejs\node.exe C:\Users\ashis\AppData\Roaming\npm\node_modules\firebase-tools\lib\bin\firebase.js init
[debug] [2025-08-24T15:46:46.011Z] CLI Version:   14.14.0
[debug] [2025-08-24T15:46:46.011Z] Platform:      win32
[debug] [2025-08-24T15:46:46.011Z] Node Version:  v22.14.0
[debug] [2025-08-24T15:46:46.012Z] Time:          Sun Aug 24 2025 21:16:46 GMT+0530 (India Standard Time)
[debug] [2025-08-24T15:46:46.012Z] ----------------------------------------------------------------------
[debug] 
[debug] [2025-08-24T15:46:46.020Z] > command requires scopes: ["email","openid","https://www.googleapis.com/auth/cloudplatformprojects.readonly","https://www.googleapis.com/auth/firebase","https://www.googleapis.com/auth/cloud-platform"]
[debug] [2025-08-24T15:46:46.020Z] > authorizing via signed-in user (ashbhati26@gmail.com)
[info] 
     ######## #### ########  ######## ########     ###     ######  ########
     ##        ##  ##     ## ##       ##     ##  ##   ##  ##       ##
     ######    ##  ########  ######   ########  #########  ######  ######
     ##        ##  ##    ##  ##       ##     ## ##     ##       ## ##
     ##       #### ##     ## ######## ########  ##     ##  ######  ########

You're about to initialize a Firebase project in this directory:

  D:\astro

[info] 
=== Project Setup
[info] 
[info] First, let's associate this project directory with a Firebase project.
[info] You can create multiple project aliases by running firebase use --add, 
[info] but for now we'll just set up a default project.
[info] 
[debug] [2025-08-24T15:51:04.883Z] Checked if tokens are valid: false, expires at: 1756017085502
[debug] [2025-08-24T15:51:04.883Z] Checked if tokens are valid: false, expires at: 1756017085502
[debug] [2025-08-24T15:51:04.883Z] > refreshing access token with scopes: []
[debug] [2025-08-24T15:51:04.886Z] >>> [apiv2][query] POST https://www.googleapis.com/oauth2/v3/token [none]
[debug] [2025-08-24T15:51:04.886Z] >>> [apiv2][body] POST https://www.googleapis.com/oauth2/v3/token [omitted]
[debug] [2025-08-24T15:51:05.063Z] <<< [apiv2][status] POST https://www.googleapis.com/oauth2/v3/token 200
[debug] [2025-08-24T15:51:05.063Z] <<< [apiv2][body] POST https://www.googleapis.com/oauth2/v3/token [omitted]
[debug] [2025-08-24T15:51:05.072Z] >>> [apiv2][query] GET https://firebase.googleapis.com/v1beta1/projects pageSize=100
[debug] [2025-08-24T15:51:05.658Z] <<< [apiv2][status] GET https://firebase.googleapis.com/v1beta1/projects 200
[debug] [2025-08-24T15:51:05.658Z] <<< [apiv2][body] GET https://firebase.googleapis.com/v1beta1/projects [omitted]
[info] i  Using project astro-b16fa (astro) 
[info] 
=== Hosting Setup
[debug] [2025-08-24T15:51:10.096Z] Checked if tokens are valid: true, expires at: 1756054264063
[debug] [2025-08-24T15:51:10.096Z] Checked if tokens are valid: true, expires at: 1756054264063
[debug] [2025-08-24T15:51:10.096Z] >>> [apiv2][query] GET https://firebase.googleapis.com/v1beta1/projects/astro-b16fa [none]
[debug] [2025-08-24T15:51:10.500Z] <<< [apiv2][status] GET https://firebase.googleapis.com/v1beta1/projects/astro-b16fa 200
[debug] [2025-08-24T15:51:10.500Z] <<< [apiv2][body] GET https://firebase.googleapis.com/v1beta1/projects/astro-b16fa {"projectId":"astro-b16fa","projectNumber":"704627636553","displayName":"astro","name":"projects/astro-b16fa","resources":{"hostingSite":"astro-b16fa"},"state":"ACTIVE","etag":"1_e042662a-92d8-4d5a-950f-5b205ab333c0"}
[info] 
[info] Your public directory is the folder (relative to your project directory) that
[info] will contain Hosting assets to be uploaded with firebase deploy. If you
[info] have a build process for your assets, use your build's output directory.
[info] 
[debug] [2025-08-24T15:52:03.054Z] ExitPromptError: User force closed the prompt with SIGINT
    at Interface.sigint (C:\Users\ashis\AppData\Roaming\npm\node_modules\firebase-tools\node_modules\@inquirer\core\dist\commonjs\lib\create-prompt.js:101:37)
    at Interface.emit (node:events:518:28)
    at Interface.emit (node:domain:489:12)
    at [_ttyWrite] [as _ttyWrite] (node:internal/readline/interface:1124:18)
    at ReadStream.onkeypress (node:internal/readline/interface:263:20)
    at ReadStream.emit (node:events:530:35)
    at ReadStream.emit (node:domain:489:12)
    at emitKeys (node:internal/readline/utils:370:14)
    at emitKeys.next (<anonymous>)
    at ReadStream.onData (node:internal/readline/emitKeypressEvents:64:36)
[error] 
[error] Error: An unexpected error has occurred.
